nohup: ignoring input
/usr/local/lib/python3.11/dist-packages/pydantic/_internal/_config.py:373: UserWarning: Valid config keys have changed in V2:
* 'orm_mode' has been renamed to 'from_attributes'
  warnings.warn(message, UserWarning)
INFO:     Started server process [2812]
INFO:     Waiting for application startup.
INFO:     Application startup complete.
INFO:     Uvicorn running on http://0.0.0.0:8001 (Press CTRL+C to quit)
INFO:     127.0.0.1:37066 - "GET /health HTTP/1.1" 200 OK
ERROR:    Exception in ASGI application
  + Exception Group Traceback (most recent call last):
  |   File "/usr/local/lib/python3.11/dist-packages/starlette/_utils.py", line 77, in collapse_excgroups
  |     yield
  |   File "/usr/local/lib/python3.11/dist-packages/starlette/middleware/base.py", line 183, in __call__
  |     async with anyio.create_task_group() as task_group:
  |   File "/usr/local/lib/python3.11/dist-packages/anyio/_backends/_asyncio.py", line 772, in __aexit__
  |     raise BaseExceptionGroup(
  | ExceptionGroup: unhandled errors in a TaskGroup (1 sub-exception)
  +-+---------------- 1 ----------------
    | Traceback (most recent call last):
    |   File "/usr/local/lib/python3.11/dist-packages/uvicorn/protocols/http/h11_impl.py", line 403, in run_asgi
    |     result = await app(  # type: ignore[func-returns-value]
    |              ^^^^^^^^^^^^^^^^^^^^^^^^^^^^^^^^^^^^^^^^^^^^^^
    |   File "/usr/local/lib/python3.11/dist-packages/uvicorn/middleware/proxy_headers.py", line 60, in __call__
    |     return await self.app(scope, receive, send)
    |            ^^^^^^^^^^^^^^^^^^^^^^^^^^^^^^^^^^^^
    |   File "/usr/local/lib/python3.11/dist-packages/fastapi/applications.py", line 1054, in __call__
    |     await super().__call__(scope, receive, send)
    |   File "/usr/local/lib/python3.11/dist-packages/starlette/applications.py", line 113, in __call__
    |     await self.middleware_stack(scope, receive, send)
    |   File "/usr/local/lib/python3.11/dist-packages/starlette/middleware/errors.py", line 186, in __call__
    |     raise exc
    |   File "/usr/local/lib/python3.11/dist-packages/starlette/middleware/errors.py", line 164, in __call__
    |     await self.app(scope, receive, _send)
    |   File "/usr/local/lib/python3.11/dist-packages/starlette/middleware/base.py", line 182, in __call__
    |     with recv_stream, send_stream, collapse_excgroups():
    |   File "/usr/lib/python3.11/contextlib.py", line 155, in __exit__
    |     self.gen.throw(typ, value, traceback)
    |   File "/usr/local/lib/python3.11/dist-packages/starlette/_utils.py", line 83, in collapse_excgroups
    |     raise exc
    |   File "/usr/local/lib/python3.11/dist-packages/starlette/middleware/base.py", line 185, in __call__
    |     await response(scope, wrapped_receive, send)
    |   File "/usr/local/lib/python3.11/dist-packages/starlette/middleware/base.py", line 214, in __call__
    |     await send(
    |   File "/usr/local/lib/python3.11/dist-packages/starlette/middleware/errors.py", line 161, in _send
    |     await send(message)
    |   File "/usr/local/lib/python3.11/dist-packages/uvicorn/protocols/http/h11_impl.py", line 484, in send
    |     response = h11.Response(status_code=status, headers=headers, reason=reason)
    |                ^^^^^^^^^^^^^^^^^^^^^^^^^^^^^^^^^^^^^^^^^^^^^^^^^^^^^^^^^^^^^^^^
    |   File "/usr/local/lib/python3.11/dist-packages/h11/_events.py", line 151, in __init__
    |     self, "headers", normalize_and_validate(headers, _parsed=_parsed)
    |                      ^^^^^^^^^^^^^^^^^^^^^^^^^^^^^^^^^^^^^^^^^^^^^^^^
    |   File "/usr/local/lib/python3.11/dist-packages/h11/_headers.py", line 165, in normalize_and_validate
    |     validate(_field_name_re, name, "Illegal header name {!r}", name)
    |   File "/usr/local/lib/python3.11/dist-packages/h11/_util.py", line 91, in validate
    |     raise LocalProtocolError(msg)
    | h11._util.LocalProtocolError: Illegal header name b'logs/build_id'
    +------------------------------------

During handling of the above exception, another exception occurred:

Traceback (most recent call last):
  File "/usr/local/lib/python3.11/dist-packages/uvicorn/protocols/http/h11_impl.py", line 403, in run_asgi
    result = await app(  # type: ignore[func-returns-value]
             ^^^^^^^^^^^^^^^^^^^^^^^^^^^^^^^^^^^^^^^^^^^^^^
  File "/usr/local/lib/python3.11/dist-packages/uvicorn/middleware/proxy_headers.py", line 60, in __call__
    return await self.app(scope, receive, send)
           ^^^^^^^^^^^^^^^^^^^^^^^^^^^^^^^^^^^^
  File "/usr/local/lib/python3.11/dist-packages/fastapi/applications.py", line 1054, in __call__
    await super().__call__(scope, receive, send)
  File "/usr/local/lib/python3.11/dist-packages/starlette/applications.py", line 113, in __call__
    await self.middleware_stack(scope, receive, send)
  File "/usr/local/lib/python3.11/dist-packages/starlette/middleware/errors.py", line 186, in __call__
    raise exc
  File "/usr/local/lib/python3.11/dist-packages/starlette/middleware/errors.py", line 164, in __call__
    await self.app(scope, receive, _send)
  File "/usr/local/lib/python3.11/dist-packages/starlette/middleware/base.py", line 182, in __call__
    with recv_stream, send_stream, collapse_excgroups():
  File "/usr/lib/python3.11/contextlib.py", line 155, in __exit__
    self.gen.throw(typ, value, traceback)
  File "/usr/local/lib/python3.11/dist-packages/starlette/_utils.py", line 83, in collapse_excgroups
    raise exc
  File "/usr/local/lib/python3.11/dist-packages/starlette/middleware/base.py", line 185, in __call__
    await response(scope, wrapped_receive, send)
  File "/usr/local/lib/python3.11/dist-packages/starlette/middleware/base.py", line 214, in __call__
    await send(
  File "/usr/local/lib/python3.11/dist-packages/starlette/middleware/errors.py", line 161, in _send
    await send(message)
  File "/usr/local/lib/python3.11/dist-packages/uvicorn/protocols/http/h11_impl.py", line 484, in send
    response = h11.Response(status_code=status, headers=headers, reason=reason)
               ^^^^^^^^^^^^^^^^^^^^^^^^^^^^^^^^^^^^^^^^^^^^^^^^^^^^^^^^^^^^^^^^
  File "/usr/local/lib/python3.11/dist-packages/h11/_events.py", line 151, in __init__
    self, "headers", normalize_and_validate(headers, _parsed=_parsed)
                     ^^^^^^^^^^^^^^^^^^^^^^^^^^^^^^^^^^^^^^^^^^^^^^^^
  File "/usr/local/lib/python3.11/dist-packages/h11/_headers.py", line 165, in normalize_and_validate
    validate(_field_name_re, name, "Illegal header name {!r}", name)
  File "/usr/local/lib/python3.11/dist-packages/h11/_util.py", line 91, in validate
    raise LocalProtocolError(msg)
h11._util.LocalProtocolError: Illegal header name b'logs/build_id'
INFO:     127.0.0.1:54212 - "GET /health HTTP/1.1" 200 OK
ERROR:    Exception in ASGI application
  + Exception Group Traceback (most recent call last):
  |   File "/usr/local/lib/python3.11/dist-packages/starlette/_utils.py", line 77, in collapse_excgroups
  |     yield
  |   File "/usr/local/lib/python3.11/dist-packages/starlette/middleware/base.py", line 183, in __call__
  |     async with anyio.create_task_group() as task_group:
  |   File "/usr/local/lib/python3.11/dist-packages/anyio/_backends/_asyncio.py", line 772, in __aexit__
  |     raise BaseExceptionGroup(
  | ExceptionGroup: unhandled errors in a TaskGroup (1 sub-exception)
  +-+---------------- 1 ----------------
    | Traceback (most recent call last):
    |   File "/usr/local/lib/python3.11/dist-packages/uvicorn/protocols/http/h11_impl.py", line 403, in run_asgi
    |     result = await app(  # type: ignore[func-returns-value]
    |              ^^^^^^^^^^^^^^^^^^^^^^^^^^^^^^^^^^^^^^^^^^^^^^
    |   File "/usr/local/lib/python3.11/dist-packages/uvicorn/middleware/proxy_headers.py", line 60, in __call__
    |     return await self.app(scope, receive, send)
    |            ^^^^^^^^^^^^^^^^^^^^^^^^^^^^^^^^^^^^
    |   File "/usr/local/lib/python3.11/dist-packages/fastapi/applications.py", line 1054, in __call__
    |     await super().__call__(scope, receive, send)
    |   File "/usr/local/lib/python3.11/dist-packages/starlette/applications.py", line 113, in __call__
    |     await self.middleware_stack(scope, receive, send)
    |   File "/usr/local/lib/python3.11/dist-packages/starlette/middleware/errors.py", line 186, in __call__
    |     raise exc
    |   File "/usr/local/lib/python3.11/dist-packages/starlette/middleware/errors.py", line 164, in __call__
    |     await self.app(scope, receive, _send)
    |   File "/usr/local/lib/python3.11/dist-packages/starlette/middleware/base.py", line 182, in __call__
    |     with recv_stream, send_stream, collapse_excgroups():
    |   File "/usr/lib/python3.11/contextlib.py", line 155, in __exit__
    |     self.gen.throw(typ, value, traceback)
    |   File "/usr/local/lib/python3.11/dist-packages/starlette/_utils.py", line 83, in collapse_excgroups
    |     raise exc
    |   File "/usr/local/lib/python3.11/dist-packages/starlette/middleware/base.py", line 185, in __call__
    |     await response(scope, wrapped_receive, send)
    |   File "/usr/local/lib/python3.11/dist-packages/starlette/middleware/base.py", line 214, in __call__
    |     await send(
    |   File "/usr/local/lib/python3.11/dist-packages/starlette/middleware/errors.py", line 161, in _send
    |     await send(message)
    |   File "/usr/local/lib/python3.11/dist-packages/uvicorn/protocols/http/h11_impl.py", line 484, in send
    |     response = h11.Response(status_code=status, headers=headers, reason=reason)
    |                ^^^^^^^^^^^^^^^^^^^^^^^^^^^^^^^^^^^^^^^^^^^^^^^^^^^^^^^^^^^^^^^^
    |   File "/usr/local/lib/python3.11/dist-packages/h11/_events.py", line 151, in __init__
    |     self, "headers", normalize_and_validate(headers, _parsed=_parsed)
    |                      ^^^^^^^^^^^^^^^^^^^^^^^^^^^^^^^^^^^^^^^^^^^^^^^^
    |   File "/usr/local/lib/python3.11/dist-packages/h11/_headers.py", line 165, in normalize_and_validate
    |     validate(_field_name_re, name, "Illegal header name {!r}", name)
    |   File "/usr/local/lib/python3.11/dist-packages/h11/_util.py", line 91, in validate
    |     raise LocalProtocolError(msg)
    | h11._util.LocalProtocolError: Illegal header name b'logs/build_id'
    +------------------------------------

During handling of the above exception, another exception occurred:

Traceback (most recent call last):
  File "/usr/local/lib/python3.11/dist-packages/uvicorn/protocols/http/h11_impl.py", line 403, in run_asgi
    result = await app(  # type: ignore[func-returns-value]
             ^^^^^^^^^^^^^^^^^^^^^^^^^^^^^^^^^^^^^^^^^^^^^^
  File "/usr/local/lib/python3.11/dist-packages/uvicorn/middleware/proxy_headers.py", line 60, in __call__
    return await self.app(scope, receive, send)
           ^^^^^^^^^^^^^^^^^^^^^^^^^^^^^^^^^^^^
  File "/usr/local/lib/python3.11/dist-packages/fastapi/applications.py", line 1054, in __call__
    await super().__call__(scope, receive, send)
  File "/usr/local/lib/python3.11/dist-packages/starlette/applications.py", line 113, in __call__
    await self.middleware_stack(scope, receive, send)
  File "/usr/local/lib/python3.11/dist-packages/starlette/middleware/errors.py", line 186, in __call__
    raise exc
  File "/usr/local/lib/python3.11/dist-packages/starlette/middleware/errors.py", line 164, in __call__
    await self.app(scope, receive, _send)
  File "/usr/local/lib/python3.11/dist-packages/starlette/middleware/base.py", line 182, in __call__
    with recv_stream, send_stream, collapse_excgroups():
  File "/usr/lib/python3.11/contextlib.py", line 155, in __exit__
    self.gen.throw(typ, value, traceback)
  File "/usr/local/lib/python3.11/dist-packages/starlette/_utils.py", line 83, in collapse_excgroups
    raise exc
  File "/usr/local/lib/python3.11/dist-packages/starlette/middleware/base.py", line 185, in __call__
    await response(scope, wrapped_receive, send)
  File "/usr/local/lib/python3.11/dist-packages/starlette/middleware/base.py", line 214, in __call__
    await send(
  File "/usr/local/lib/python3.11/dist-packages/starlette/middleware/errors.py", line 161, in _send
    await send(message)
  File "/usr/local/lib/python3.11/dist-packages/uvicorn/protocols/http/h11_impl.py", line 484, in send
    response = h11.Response(status_code=status, headers=headers, reason=reason)
               ^^^^^^^^^^^^^^^^^^^^^^^^^^^^^^^^^^^^^^^^^^^^^^^^^^^^^^^^^^^^^^^^
  File "/usr/local/lib/python3.11/dist-packages/h11/_events.py", line 151, in __init__
    self, "headers", normalize_and_validate(headers, _parsed=_parsed)
                     ^^^^^^^^^^^^^^^^^^^^^^^^^^^^^^^^^^^^^^^^^^^^^^^^
  File "/usr/local/lib/python3.11/dist-packages/h11/_headers.py", line 165, in normalize_and_validate
    validate(_field_name_re, name, "Illegal header name {!r}", name)
  File "/usr/local/lib/python3.11/dist-packages/h11/_util.py", line 91, in validate
    raise LocalProtocolError(msg)
h11._util.LocalProtocolError: Illegal header name b'logs/build_id'
